d:\mage\mage\mage\x64\debug\vc143.pdb
d:\mage\mage\mage\x64\debug\vc143.idb
d:\mage\mage\mage\x64\debug\shader.obj
d:\mage\mage\mage\x64\debug\renderer.obj
d:\mage\mage\mage\x64\debug\openglutils.obj
d:\mage\mage\mage\x64\debug\mesh.obj
d:\mage\mage\mage\x64\debug\indexbuffer.obj
d:\mage\mage\mage\x64\debug\mouse.obj
d:\mage\mage\mage\x64\debug\keyboard.obj
d:\mage\mage\mage\x64\debug\joystick.obj
d:\mage\mage\mage\x64\debug\filemanager.obj
d:\mage\mage\mage\x64\debug\file.obj
d:\mage\mage\mage\x64\debug\event.obj
d:\mage\mage\mage\x64\debug\trace.obj
d:\mage\mage\mage\x64\debug\debug.obj
d:\mage\mage\mage\x64\debug\assert.obj
d:\mage\mage\mage\x64\debug\version.obj
d:\mage\mage\mage\x64\debug\settings.obj
d:\mage\mage\mage\x64\debug\gameobject.obj
d:\mage\mage\mage\x64\debug\colour.obj
d:\mage\mage\mage\x64\debug\args.obj
d:\mage\mage\mage\x64\debug\application.obj
d:\mage\mage\mage\x64\debug\vertexbuffer.obj
d:\mage\mage\mage\x64\debug\texture.obj
d:\mage\mage\mage\x64\debug\mage.ilk
d:\mage\mage\mage\x64\debug\mage.dll
d:\mage\mage\mage\x64\debug\mage.pdb
d:\mage\mage\mage\x64\debug\mage.tlog\cl.command.1.tlog
d:\mage\mage\mage\x64\debug\mage.tlog\cl.read.1.tlog
d:\mage\mage\mage\x64\debug\mage.tlog\cl.write.1.tlog
d:\mage\mage\mage\x64\debug\mage.tlog\link.command.1.tlog
d:\mage\mage\mage\x64\debug\mage.tlog\link.read.1.tlog
d:\mage\mage\mage\x64\debug\mage.tlog\link.write.1.tlog
